<?xml version="1.0" encoding="UTF-8"?>
<testsuite name="CdTest" tests="7" skipped="0" failures="0" errors="0" timestamp="2016-09-14T22:52:16" hostname="epicodus-12.local" time="0.001">
  <properties/>
  <testcase name="getId_cdInstantiatesWithAnId_1" classname="CdTest" time="0.0"/>
  <testcase name="Cd_instantiatesNewCd_true" classname="CdTest" time="0.0"/>
  <testcase name="Cd_instantiatesWithName_String" classname="CdTest" time="0.0"/>
  <testcase name="find_returnsCdWithSameId_secondCd" classname="CdTest" time="0.0"/>
  <testcase name="all_returnsAllInstancesOfCd_true" classname="CdTest" time="0.0"/>
  <testcase name="Cd_sortedByName" classname="CdTest" time="0.001"/>
  <testcase name="clear_emptiesAllInstancesOfCd_0" classname="CdTest" time="0.0"/>
  <system-out><![CDATA[]]></system-out>
  <system-err><![CDATA[]]></system-err>
</testsuite>
